Arguments: 
  C:\nodejs\node.exe C:\Users\shreyas hc\AppData\Roaming\npm\node_modules\yarn\bin\yarn.js add typescript express

PATH: 
  C:\Python38-32\Scripts\;C:\Python38-32\;C:\Python36\Scripts\;C:\Python36\;C:\java-jdk13\bin;C:\android sdk\platforms;C:\android sdk\platform-tools;C:\nodejs\;C:\MinGW\bin;C:\dart-sdk\bin;C:\dart-sdk\bin\dart.exe;C:\flutter\bin;C:\Program Files (x86)\Common Files\Intel\Shared Libraries\redist\intel64\compiler;C:\WINDOWS\system32;C:\WINDOWS;C:\WINDOWS\System32\Wbem;C:\WINDOWS\System32\WindowsPowerShell\v1.0\;C:\WINDOWS\System32\OpenSSH\;C:\ProgramData\chocolatey\bin;C:\bin;C:\Program Files\Git\cmd;C:\Program Files\MongoDB\Server\4.2\bin;C:\xampp\php;C:\ProgramData\ComposerSetup\bin;C:\java-jdk-8u41-ri\bin;C:\Program Files\MySQL\MySQL Server 8.0\bin;C:\Program Files\Docker\Docker\resources\bin;C:\ProgramData\DockerDesktop\version-bin;C:\Program Files\PostgreSQL\13\bin;C:\Program Files\dotnet\;C:\Program Files\CMake\bin;C:\Ruby27-x64\bin;C:\Program Files\MySQL\MySQL Shell 8.0\bin\;D:\;C:\Users\shreyas hc\AppData\Local\Microsoft\WindowsApps;C:\Program Files (x86)\PyCharm Community Edition 2019.1.3\bin;C:\Windows\System32\cmd.exe;C:\MinGW\bin;C:\Users\shreyas hc\AppData\Local\Programs\Microsoft VS Code\bin;C:\dart-sdk\bin\dart.exe;C:\dart-sdk\bin;C:\flutter\bin;C:\java-jdk13\bin;C:\android sdk\platforms;C:\android sdk\platform-tools;C:\Users\shreyas hc\AppData\Roaming\npm;C:\Python38-32\Scripts\;C:\Python38-32\;C:\Python36\Scripts\;C:\Python36\;C:\bin;C:\Users\shreyas hc\AppData\Local\Microsoft\WindowsApps;C:\Program Files\JetBrains\IntelliJ IDEA Community Edition 2020.2\bin;;C:\Program Files\MongoDB\Server\4.2\bin;C:\Users\shreyas hc\AppData\Roaming\Composer\vendor\bin;C:\apache-maven-3.6.3\bin;C:\Program Files\heroku\bin;C:\java-jdk-8u41-ri\bin;C:\Program Files\MySQL\MySQL Server 8.0\bin;C:\Program Files\PostgreSQL\13\bin;C:\Users\shreyas hc\AppData\Local\Yarn\bin;

Yarn version: 
  1.22.10

Node version: 
  14.4.0

Platform: 
  win32 x64

Trace: 
  Error: connect EHOSTUNREACH 104.16.23.35:443
      at TCPConnectWrap.afterConnect [as oncomplete] (net.js:1141:16)

npm manifest: 
  {
    "name": "food-delivery-app-backend",
    "version": "1.0.0",
    "main": "dist/server.js",
    "author": "shreyas hc & shishir h",
    "license": "MIT"
  }

yarn manifest: 
  No manifest

Lockfile: 
  No lockfile
